<?xml version="1.0" encoding="UTF-8"?>
<!-- Generated by org.testng.reporters.JUnitReportReporter -->
<testsuite skipped="0" hostname="DESKTOP-MJBQGMU" name="org.test.cts.test.TestngClass.Sample" tests="1" failures="0" timestamp="22 Sep 2019 06:49:55 GMT" time="0.685" errors="0">
  <testcase name="tc22" time="0.685" classname="org.test.cts.test.TestngClass.Sample"/>
</testsuite> <!-- org.test.cts.test.TestngClass.Sample -->
